#
# There is insufficient memory for the Java Runtime Environment to continue.
# Native memory allocation (malloc) failed to allocate 357616 bytes. Error detail: Chunk::new
# Possible reasons:
#   The system is out of physical RAM or swap space
#   This process is running with CompressedOops enabled, and the Java Heap may be blocking the growth of the native heap
# Possible solutions:
#   Reduce memory load on the system
#   Increase physical memory or swap space
#   Check if swap backing store is full
#   Decrease Java heap size (-Xmx/-Xms)
#   Decrease number of Java threads
#   Decrease Java thread stack sizes (-Xss)
#   Set larger code cache with -XX:ReservedCodeCacheSize=
#   JVM is running with Zero Based Compressed Oops mode in which the Java heap is
#     placed in the first 32GB address space. The Java Heap base address is the
#     maximum limit for the native heap growth. Please use -XX:HeapBaseMinAddress
#     to set the Java Heap base and to place the Java Heap above 32GB virtual address.
# This output file may be truncated or incomplete.
#
#  Out of Memory Error (arena.cpp:191), pid=5204, tid=4872
#
# JRE version: OpenJDK Runtime Environment (17.0.11) (build 17.0.11+0--11852314)
# Java VM: OpenJDK 64-Bit Server VM (17.0.11+0--11852314, mixed mode, tiered, compressed oops, compressed class ptrs, g1 gc, windows-amd64)
# No core dump will be written. Minidumps are not enabled by default on client versions of Windows
#

---------------  S U M M A R Y ------------

Command Line: org.jetbrains.kotlin.cli.jvm.K2JVMCompiler @C:\Users\jvfer\AndroidStudioProjects\PTravel\app\build\20240902_6192876628439765228.compiler.options

Host: Intel(R) Core(TM) i5-8250U CPU @ 1.60GHz, 8 cores, 19G,  Windows 11 , 64 bit Build 22621 (10.0.22621.3958)
Time: Mon Sep  2 01:01:17 2024 Hora Padrão de Buenos Aires elapsed time: 43.845300 seconds (0d 0h 0m 43s)

---------------  T H R E A D  ---------------

Current thread (0x000001efa207d9c0):  JavaThread "C2 CompilerThread0" daemon [_thread_in_native, id=4872, stack(0x000000d1f5900000,0x000000d1f5a00000)]


Current CompileTask:
C2:  43845 15228       4       org.jetbrains.kotlin.resolve.scopes.SubstitutingScope::<init> (81 bytes)

Stack: [0x000000d1f5900000,0x000000d1f5a00000]
Native frames: (J=compiled Java code, j=interpreted, Vv=VM code, C=native code)
V  [jvm.dll+0x687bb9]
V  [jvm.dll+0x84142a]
V  [jvm.dll+0x8430ae]
V  [jvm.dll+0x843713]
V  [jvm.dll+0x24a35f]
V  [jvm.dll+0xac544]
V  [jvm.dll+0xacb8c]
V  [jvm.dll+0x369be2]
V  [jvm.dll+0x1be126]
V  [jvm.dll+0x21c029]
V  [jvm.dll+0x21b311]
V  [jvm.dll+0x1a63ed]
V  [jvm.dll+0x22b1ee]
V  [jvm.dll+0x229375]
V  [jvm.dll+0x7f5647]
V  [jvm.dll+0x7efa4a]
V  [jvm.dll+0x686a35]
C  [ucrtbase.dll+0x29333]
C  [KERNEL32.DLL+0x1257d]
C  [ntdll.dll+0x5af28]


---------------  P R O C E S S  ---------------

Threads class SMR info:
_java_thread_list=0x000001efa5573ad0, length=13, elements={
0x000001effca6a990, 0x000001efa2022540, 0x000001efa20232d0, 0x000001efa2074130,
0x000001efa2076b10, 0x000001efa20793f0, 0x000001efa207acf0, 0x000001efa207d9c0,
0x000001efa2081c90, 0x000001efa20845b0, 0x000001efa22013a0, 0x000001efa2215880,
0x000001efa61146c0
}

Java Threads: ( => current thread )
  0x000001effca6a990 JavaThread "main" [_thread_in_Java, id=4348, stack(0x000000d1f4c00000,0x000000d1f4d00000)]
  0x000001efa2022540 JavaThread "Reference Handler" daemon [_thread_blocked, id=16208, stack(0x000000d1f5300000,0x000000d1f5400000)]
  0x000001efa20232d0 JavaThread "Finalizer" daemon [_thread_blocked, id=16352, stack(0x000000d1f5400000,0x000000d1f5500000)]
  0x000001efa2074130 JavaThread "Signal Dispatcher" daemon [_thread_blocked, id=1644, stack(0x000000d1f5500000,0x000000d1f5600000)]
  0x000001efa2076b10 JavaThread "Attach Listener" daemon [_thread_blocked, id=1176, stack(0x000000d1f5600000,0x000000d1f5700000)]
  0x000001efa20793f0 JavaThread "Service Thread" daemon [_thread_blocked, id=5776, stack(0x000000d1f5700000,0x000000d1f5800000)]
  0x000001efa207acf0 JavaThread "Monitor Deflation Thread" daemon [_thread_blocked, id=9396, stack(0x000000d1f5800000,0x000000d1f5900000)]
=>0x000001efa207d9c0 JavaThread "C2 CompilerThread0" daemon [_thread_in_native, id=4872, stack(0x000000d1f5900000,0x000000d1f5a00000)]
  0x000001efa2081c90 JavaThread "C1 CompilerThread0" daemon [_thread_in_vm, id=9992, stack(0x000000d1f5a00000,0x000000d1f5b00000)]
  0x000001efa20845b0 JavaThread "Sweeper thread" daemon [_thread_blocked, id=15052, stack(0x000000d1f5b00000,0x000000d1f5c00000)]
  0x000001efa22013a0 JavaThread "Notification Thread" daemon [_thread_blocked, id=12056, stack(0x000000d1f5c00000,0x000000d1f5d00000)]
  0x000001efa2215880 JavaThread "Common-Cleaner" daemon [_thread_blocked, id=15388, stack(0x000000d1f5e00000,0x000000d1f5f00000)]
  0x000001efa61146c0 JavaThread "C2 CompilerThread1" daemon [_thread_in_native, id=6224, stack(0x000000d1f6800000,0x000000d1f6900000)]

Other Threads:
  0x000001ef9db0d620 VMThread "VM Thread" [stack: 0x000000d1f5200000,0x000000d1f5300000] [id=14852]
  0x000001efa2201a90 WatcherThread [stack: 0x000000d1f5d00000,0x000000d1f5e00000] [id=16564]
  0x000001effcae30e0 GCTaskThread "GC Thread#0" [stack: 0x000000d1f4d00000,0x000000d1f4e00000] [id=15372]
  0x000001efa22f4930 GCTaskThread "GC Thread#1" [stack: 0x000000d1f5f00000,0x000000d1f6000000] [id=11512]
  0x000001efa2670080 GCTaskThread "GC Thread#2" [stack: 0x000000d1f6000000,0x000000d1f6100000] [id=6452]
  0x000001efa2670340 GCTaskThread "GC Thread#3" [stack: 0x000000d1f6100000,0x000000d1f6200000] [id=8576]
  0x000001efa26d4980 GCTaskThread "GC Thread#4" [stack: 0x000000d1f6200000,0x000000d1f6300000] [id=2624]
  0x000001efa26d4c40 GCTaskThread "GC Thread#5" [stack: 0x000000d1f6300000,0x000000d1f6400000] [id=15772]
  0x000001efa26a9020 GCTaskThread "GC Thread#6" [stack: 0x000000d1f6400000,0x000000d1f6500000] [id=10952]
  0x000001efa2c1d4c0 GCTaskThread "GC Thread#7" [stack: 0x000000d1f6600000,0x000000d1f6700000] [id=16960]
  0x000001effcaeeea0 ConcurrentGCThread "G1 Main Marker" [stack: 0x000000d1f4e00000,0x000000d1f4f00000] [id=16220]
  0x000001effcaef7d0 ConcurrentGCThread "G1 Conc#0" [stack: 0x000000d1f4f00000,0x000000d1f5000000] [id=13220]
  0x000001efa2f46980 ConcurrentGCThread "G1 Conc#1" [stack: 0x000000d1f6700000,0x000000d1f6800000] [id=7452]
  0x000001effcb1eb90 ConcurrentGCThread "G1 Refine#0" [stack: 0x000000d1f5000000,0x000000d1f5100000] [id=9240]
  0x000001efa48d1020 ConcurrentGCThread "G1 Refine#1" [stack: 0x000000d1f6500000,0x000000d1f6600000] [id=5604]
  0x000001efa49bd460 ConcurrentGCThread "G1 Refine#2" [stack: 0x000000d1f6a00000,0x000000d1f6b00000] [id=8340]
  0x000001efa5ee3870 ConcurrentGCThread "G1 Refine#3" [stack: 0x000000d1f6b00000,0x000000d1f6c00000] [id=7380]
  0x000001ef9d9726d0 ConcurrentGCThread "G1 Service" [stack: 0x000000d1f5100000,0x000000d1f5200000] [id=11600]

Threads with active compile tasks:
C2 CompilerThread0    43910 15228       4       org.jetbrains.kotlin.resolve.scopes.SubstitutingScope::<init> (81 bytes)
C1 CompilerThread0    43910 15310       3       androidx.compose.compiler.plugins.kotlin.lower.ComposerIntrinsicTransformer::visitCall (120 bytes)
C2 CompilerThread1    43910 15227       4       org.jetbrains.kotlin.descriptors.impl.AbstractClassDescriptor::getMemberScope (59 bytes)

VM state: not at safepoint (normal execution)

VM Mutex/Monitor currently owned by a thread: None

Heap address: 0x00000006c1400000, size: 5100 MB, Compressed Oops mode: Zero based, Oop shift amount: 3

CDS archive(s) not mapped
Compressed class space mapped at: 0x0000000800000000-0x0000000840000000, reserved size: 1073741824
Narrow klass base: 0x0000000800000000, Narrow klass shift: 0, Narrow klass range: 0x40000000

GC Precious Log:
 CPUs: 8 total, 8 available
 Memory: 20389M
 Large Page Support: Disabled
 NUMA Support: Disabled
 Compressed Oops: Enabled (Zero based)
 Heap Region Size: 4M
 Heap Min Capacity: 8M
 Heap Initial Capacity: 320M
 Heap Max Capacity: 5100M
 Pre-touch: Disabled
 Parallel Workers: 8
 Concurrent Workers: 2
 Concurrent Refinement Workers: 8
 Periodic GC: Disabled

Heap:
 garbage-first heap   total 319488K, used 124452K [0x00000006c1400000, 0x0000000800000000)
  region size 4096K, 4 young (16384K), 2 survivors (8192K)
 Metaspace       used 75900K, committed 76288K, reserved 1179648K
  class space    used 8404K, committed 8576K, reserved 1048576K

Heap Regions: E=young(eden), S=young(survivor), O=old, HS=humongous(starts), HC=humongous(continues), CS=collection set, F=free, OA=open archive, CA=closed archive, TAMS=top-at-mark-start (previous, next)
|   0|0x00000006c1400000, 0x00000006c1800000, 0x00000006c1800000|100%|HS|  |TAMS 0x00000006c1800000, 0x00000006c1400000| Complete 
|   1|0x00000006c1800000, 0x00000006c1c00000, 0x00000006c1c00000|100%| O|  |TAMS 0x00000006c1c00000, 0x00000006c1800000| Untracked 
|   2|0x00000006c1c00000, 0x00000006c2000000, 0x00000006c2000000|100%| O|  |TAMS 0x00000006c2000000, 0x00000006c1c00000| Untracked 
|   3|0x00000006c2000000, 0x00000006c2400000, 0x00000006c2400000|100%| O|  |TAMS 0x00000006c2400000, 0x00000006c2000000| Untracked 
|   4|0x00000006c2400000, 0x00000006c2800000, 0x00000006c2800000|100%| O|  |TAMS 0x00000006c2800000, 0x00000006c2400000| Untracked 
|   5|0x00000006c2800000, 0x00000006c2c00000, 0x00000006c2c00000|100%| O|  |TAMS 0x00000006c2c00000, 0x00000006c2800000| Untracked 
|   6|0x00000006c2c00000, 0x00000006c3000000, 0x00000006c3000000|100%| O|  |TAMS 0x00000006c3000000, 0x00000006c2c00000| Untracked 
|   7|0x00000006c3000000, 0x00000006c3400000, 0x00000006c3400000|100%| O|  |TAMS 0x00000006c3400000, 0x00000006c3000000| Untracked 
|   8|0x00000006c3400000, 0x00000006c3800000, 0x00000006c3800000|100%| O|  |TAMS 0x00000006c3800000, 0x00000006c3400000| Untracked 
|   9|0x00000006c3800000, 0x00000006c3c00000, 0x00000006c3c00000|100%| O|  |TAMS 0x00000006c3c00000, 0x00000006c3800000| Untracked 
|  10|0x00000006c3c00000, 0x00000006c4000000, 0x00000006c4000000|100%| O|  |TAMS 0x00000006c4000000, 0x00000006c3c00000| Untracked 
|  11|0x00000006c4000000, 0x00000006c4400000, 0x00000006c4400000|100%| O|  |TAMS 0x00000006c4400000, 0x00000006c4000000| Untracked 
|  12|0x00000006c4400000, 0x00000006c4800000, 0x00000006c4800000|100%| O|  |TAMS 0x00000006c4800000, 0x00000006c4400000| Untracked 
|  13|0x00000006c4800000, 0x00000006c4c00000, 0x00000006c4c00000|100%| O|  |TAMS 0x00000006c4c00000, 0x00000006c4800000| Untracked 
|  14|0x00000006c4c00000, 0x00000006c5000000, 0x00000006c5000000|100%| O|  |TAMS 0x00000006c5000000, 0x00000006c4c00000| Untracked 
|  15|0x00000006c5000000, 0x00000006c5400000, 0x00000006c5400000|100%| O|  |TAMS 0x00000006c5400000, 0x00000006c5000000| Untracked 
|  16|0x00000006c5400000, 0x00000006c5800000, 0x00000006c5800000|100%| O|  |TAMS 0x00000006c5800000, 0x00000006c5400000| Untracked 
|  17|0x00000006c5800000, 0x00000006c5c00000, 0x00000006c5c00000|100%| O|  |TAMS 0x00000006c5c00000, 0x00000006c5800000| Untracked 
|  18|0x00000006c5c00000, 0x00000006c6000000, 0x00000006c6000000|100%| O|  |TAMS 0x00000006c6000000, 0x00000006c5c00000| Untracked 
|  19|0x00000006c6000000, 0x00000006c6400000, 0x00000006c6400000|100%| O|  |TAMS 0x00000006c6400000, 0x00000006c6000000| Untracked 
|  20|0x00000006c6400000, 0x00000006c6800000, 0x00000006c6800000|100%| O|  |TAMS 0x00000006c6800000, 0x00000006c6400000| Untracked 
|  21|0x00000006c6800000, 0x00000006c6c00000, 0x00000006c6c00000|100%| O|  |TAMS 0x00000006c6c00000, 0x00000006c6800000| Untracked 
|  22|0x00000006c6c00000, 0x00000006c7000000, 0x00000006c7000000|100%| O|  |TAMS 0x00000006c7000000, 0x00000006c6c00000| Untracked 
|  23|0x00000006c7000000, 0x00000006c7400000, 0x00000006c7400000|100%| O|  |TAMS 0x00000006c7400000, 0x00000006c7000000| Untracked 
|  24|0x00000006c7400000, 0x00000006c7800000, 0x00000006c7800000|100%| O|  |TAMS 0x00000006c7800000, 0x00000006c7400000| Complete 
|  25|0x00000006c7800000, 0x00000006c7c00000, 0x00000006c7c00000|100%| O|  |TAMS 0x00000006c7800000, 0x00000006c7800000| Untracked 
|  26|0x00000006c7c00000, 0x00000006c8000000, 0x00000006c8000000|100%| O|  |TAMS 0x00000006c7c00000, 0x00000006c7c00000| Untracked 
|  27|0x00000006c8000000, 0x00000006c8189200, 0x00000006c8400000| 38%| O|  |TAMS 0x00000006c8000000, 0x00000006c8000000| Untracked 
|  28|0x00000006c8400000, 0x00000006c8400000, 0x00000006c8800000|  0%| F|  |TAMS 0x00000006c8400000, 0x00000006c8400000| Untracked 
|  29|0x00000006c8800000, 0x00000006c8800000, 0x00000006c8c00000|  0%| F|  |TAMS 0x00000006c8800000, 0x00000006c8800000| Untracked 
|  30|0x00000006c8c00000, 0x00000006c8c00000, 0x00000006c9000000|  0%| F|  |TAMS 0x00000006c8c00000, 0x00000006c8c00000| Untracked 
|  31|0x00000006c9000000, 0x00000006c9000000, 0x00000006c9400000|  0%| F|  |TAMS 0x00000006c9000000, 0x00000006c9000000| Untracked 
|  32|0x00000006c9400000, 0x00000006c9400000, 0x00000006c9800000|  0%| F|  |TAMS 0x00000006c9400000, 0x00000006c9400000| Untracked 
|  33|0x00000006c9800000, 0x00000006c9800000, 0x00000006c9c00000|  0%| F|  |TAMS 0x00000006c9800000, 0x00000006c9800000| Untracked 
|  34|0x00000006c9c00000, 0x00000006ca000000, 0x00000006ca000000|100%| S|CS|TAMS 0x00000006c9c00000, 0x00000006c9c00000| Complete 
|  35|0x00000006ca000000, 0x00000006ca400000, 0x00000006ca400000|100%| S|CS|TAMS 0x00000006ca000000, 0x00000006ca000000| Complete 
|  36|0x00000006ca400000, 0x00000006ca400000, 0x00000006ca800000|  0%| F|  |TAMS 0x00000006ca400000, 0x00000006ca400000| Untracked 
|  37|0x00000006ca800000, 0x00000006ca800000, 0x00000006cac00000|  0%| F|  |TAMS 0x00000006ca800000, 0x00000006ca800000| Untracked 
|  38|0x00000006cac00000, 0x00000006cac00000, 0x00000006cb000000|  0%| F|  |TAMS 0x00000006cac00000, 0x00000006cac00000| Untracked 
|  39|0x00000006cb000000, 0x00000006cb000000, 0x00000006cb400000|  0%| F|  |TAMS 0x00000006cb000000, 0x00000006cb000000| Untracked 
|  40|0x00000006cb400000, 0x00000006cb400000, 0x00000006cb800000|  0%| F|  |TAMS 0x00000006cb400000, 0x00000006cb400000| Untracked 
|  41|0x00000006cb800000, 0x00000006cb800000, 0x00000006cbc00000|  0%| F|  |TAMS 0x00000006cb800000, 0x00000006cb800000| Untracked 
|  42|0x00000006cbc00000, 0x00000006cbc00000, 0x00000006cc000000|  0%| F|  |TAMS 0x00000006cbc00000, 0x00000006cbc00000| Untracked 
|  43|0x00000006cc000000, 0x00000006cc000000, 0x00000006cc400000|  0%| F|  |TAMS 0x00000006cc000000, 0x00000006cc000000| Untracked 
|  44|0x00000006cc400000, 0x00000006cc400000, 0x00000006cc800000|  0%| F|  |TAMS 0x00000006cc400000, 0x00000006cc400000| Untracked 
|  45|0x00000006cc800000, 0x00000006cc800000, 0x00000006ccc00000|  0%| F|  |TAMS 0x00000006cc800000, 0x00000006cc800000| Untracked 
|  46|0x00000006ccc00000, 0x00000006ccc00000, 0x00000006cd000000|  0%| F|  |TAMS 0x00000006ccc00000, 0x00000006ccc00000| Untracked 
|  47|0x00000006cd000000, 0x00000006cd000000, 0x00000006cd400000|  0%| F|  |TAMS 0x00000006cd000000, 0x00000006cd000000| Untracked 
|  48|0x00000006cd400000, 0x00000006cd400000, 0x00000006cd800000|  0%| F|  |TAMS 0x00000006cd400000, 0x00000006cd400000| Untracked 
|  49|0x00000006cd800000, 0x00000006cd800000, 0x00000006cdc00000|  0%| F|  |TAMS 0x00000006cd800000, 0x00000006cd800000| Untracked 
|  50|0x00000006cdc00000, 0x00000006cdc00000, 0x00000006ce000000|  0%| F|  |TAMS 0x00000006cdc00000, 0x00000006cdc00000| Untracked 
|  51|0x00000006ce000000, 0x00000006ce000000, 0x00000006ce400000|  0%| F|  |TAMS 0x00000006ce000000, 0x00000006ce000000| Untracked 
|  52|0x00000006ce400000, 0x00000006ce400000, 0x00000006ce800000|  0%| F|  |TAMS 0x00000006ce400000, 0x00000006ce400000| Untracked 
|  53|0x00000006ce800000, 0x00000006ce800000, 0x00000006cec00000|  0%| F|  |TAMS 0x00000006ce800000, 0x00000006ce800000| Untracked 
|  54|0x00000006cec00000, 0x00000006cec00000, 0x00000006cf000000|  0%| F|  |TAMS 0x00000006cec00000, 0x00000006cec00000| Untracked 
|  55|0x00000006cf000000, 0x00000006cf000000, 0x00000006cf400000|  0%| F|  |TAMS 0x00000006cf000000, 0x00000006cf000000| Untracked 
|  56|0x00000006cf400000, 0x00000006cf400000, 0x00000006cf800000|  0%| F|  |TAMS 0x00000006cf400000, 0x00000006cf400000| Untracked 
|  57|0x00000006cf800000, 0x00000006cf800000, 0x00000006cfc00000|  0%| F|  |TAMS 0x00000006cf800000, 0x00000006cf800000| Untracked 
|  58|0x00000006cfc00000, 0x00000006cfc00000, 0x00000006d0000000|  0%| F|  |TAMS 0x00000006cfc00000, 0x00000006cfc00000| Untracked 
|  59|0x00000006d0000000, 0x00000006d0000000, 0x00000006d0400000|  0%| F|  |TAMS 0x00000006d0000000, 0x00000006d0000000| Untracked 
|  60|0x00000006d0400000, 0x00000006d0400000, 0x00000006d0800000|  0%| F|  |TAMS 0x00000006d0400000, 0x00000006d0400000| Untracked 
|  61|0x00000006d0800000, 0x00000006d0800000, 0x00000006d0c00000|  0%| F|  |TAMS 0x00000006d0800000, 0x00000006d0800000| Untracked 
|  62|0x00000006d0c00000, 0x00000006d0c00000, 0x00000006d1000000|  0%| F|  |TAMS 0x00000006d0c00000, 0x00000006d0c00000| Untracked 
|  63|0x00000006d1000000, 0x00000006d1000000, 0x00000006d1400000|  0%| F|  |TAMS 0x00000006d1000000, 0x00000006d1000000| Untracked 
|  64|0x00000006d1400000, 0x00000006d1400000, 0x00000006d1800000|  0%| F|  |TAMS 0x00000006d1400000, 0x00000006d1400000| Untracked 
|  65|0x00000006d1800000, 0x00000006d1800000, 0x00000006d1c00000|  0%| F|  |TAMS 0x00000006d1800000, 0x00000006d1800000| Untracked 
|  66|0x00000006d1c00000, 0x00000006d1c00000, 0x00000006d2000000|  0%| F|  |TAMS 0x00000006d1c00000, 0x00000006d1c00000| Untracked 
|  67|0x00000006d2000000, 0x00000006d2000000, 0x00000006d2400000|  0%| F|  |TAMS 0x00000006d2000000, 0x00000006d2000000| Untracked 
|  68|0x00000006d2400000, 0x00000006d2400000, 0x00000006d2800000|  0%| F|  |TAMS 0x00000006d2400000, 0x00000006d2400000| Untracked 
|  69|0x00000006d2800000, 0x00000006d2800000, 0x00000006d2c00000|  0%| F|  |TAMS 0x00000006d2800000, 0x00000006d2800000| Untracked 
|  70|0x00000006d2c00000, 0x00000006d2c00000, 0x00000006d3000000|  0%| F|  |TAMS 0x00000006d2c00000, 0x00000006d2c00000| Untracked 
|  71|0x00000006d3000000, 0x00000006d3000000, 0x00000006d3400000|  0%| F|  |TAMS 0x00000006d3000000, 0x00000006d3000000| Untracked 
|  72|0x00000006d3400000, 0x00000006d3400000, 0x00000006d3800000|  0%| F|  |TAMS 0x00000006d3400000, 0x00000006d3400000| Untracked 
|  73|0x00000006d3800000, 0x00000006d3800000, 0x00000006d3c00000|  0%| F|  |TAMS 0x00000006d3800000, 0x00000006d3800000| Untracked 
|  74|0x00000006d3c00000, 0x00000006d3c00000, 0x00000006d4000000|  0%| F|  |TAMS 0x00000006d3c00000, 0x00000006d3c00000| Untracked 
|  75|0x00000006d4000000, 0x00000006d4000000, 0x00000006d4400000|  0%| F|  |TAMS 0x00000006d4000000, 0x00000006d4000000| Untracked 
|  76|0x00000006d4400000, 0x00000006d4800000, 0x00000006d4800000|100%| E|  |TAMS 0x00000006d4400000, 0x00000006d4400000| Complete 
|  79|0x00000006d5000000, 0x00000006d5400000, 0x00000006d5400000|100%| E|CS|TAMS 0x00000006d5000000, 0x00000006d5000000| Complete 

Card table byte_map: [0x000001ef8fd30000,0x000001ef90730000] _byte_map_base: 0x000001ef8c726000

Marking Bits (Prev, Next): (CMBitMap*) 0x000001effcae3650, (CMBitMap*) 0x000001effcae3610
 Prev Bits: [0x000001ef960e0000, 0x000001ef9b090000)
 Next Bits: [0x000001ef91130000, 0x000001ef960e0000)

Polling page: 0x000001effc220000

Metaspace:

Usage:
  Non-class:     65.94 MB used.
      Class:      8.21 MB used.
       Both:     74.15 MB used.

Virtual space:
  Non-class space:      128.00 MB reserved,      66.12 MB ( 52%) committed,  2 nodes.
      Class space:        1.00 GB reserved,       8.38 MB ( <1%) committed,  1 nodes.
             Both:        1.12 GB reserved,      74.50 MB (  6%) committed. 

Chunk freelists:
   Non-Class:  13.69 MB
       Class:  7.66 MB
        Both:  21.34 MB

MaxMetaspaceSize: unlimited
CompressedClassSpaceSize: 1.00 GB
Initial GC threshold: 21.00 MB
Current GC threshold: 124.06 MB
CDS: off
MetaspaceReclaimPolicy: balanced
 - commit_granule_bytes: 65536.
 - commit_granule_words: 8192.
 - virtual_space_node_default_size: 8388608.
 - enlarge_chunks_in_place: 1.
 - new_chunks_are_fully_committed: 0.
 - uncommit_free_chunks: 1.
 - use_allocation_guard: 0.
 - handle_deallocations: 1.


Internal statistics:

num_allocs_failed_limit: 9.
num_arena_births: 436.
num_arena_deaths: 0.
num_vsnodes_births: 3.
num_vsnodes_deaths: 0.
num_space_committed: 1190.
num_space_uncommitted: 0.
num_chunks_returned_to_freelist: 9.
num_chunks_taken_from_freelist: 3008.
num_chunk_merges: 9.
num_chunk_splits: 2340.
num_chunks_enlarged: 1962.
num_inconsistent_stats: 0.

CodeHeap 'non-profiled nmethods': size=120000Kb used=8667Kb max_used=8825Kb free=111332Kb
 bounds [0x000001ef87ad0000, 0x000001ef88380000, 0x000001ef8f000000]
CodeHeap 'profiled nmethods': size=120000Kb used=35020Kb max_used=36661Kb free=84979Kb
 bounds [0x000001ef80000000, 0x000001ef823f0000, 0x000001ef87530000]
CodeHeap 'non-nmethods': size=5760Kb used=1385Kb max_used=1477Kb free=4375Kb
 bounds [0x000001ef87530000, 0x000001ef877a0000, 0x000001ef87ad0000]
 total_blobs=13007 nmethods=12294 adapters=620
 compilation: enabled
              stopped_count=0, restarted_count=0
 full_count=0

Compilation events (20 events):
Event: 43.832 Thread 0x000001efa2081c90 nmethod 15261 0x000001ef80689110 code [0x000001ef806893c0, 0x000001ef8068a488]
Event: 43.832 Thread 0x000001efa2081c90 15260       3       androidx.compose.compiler.plugins.kotlin.lower.InferenceFunctionDeclaration::toDeclaredScheme (31 bytes)
Event: 43.833 Thread 0x000001efa2081c90 nmethod 15260 0x000001ef80898e10 code [0x000001ef80898fc0, 0x000001ef808991b8]
Event: 43.833 Thread 0x000001efa2081c90 15262       3       androidx.compose.compiler.plugins.kotlin.lower.InferenceCallTargetNode::hashCode (8 bytes)
Event: 43.833 Thread 0x000001efa2081c90 nmethod 15262 0x000001ef80b0f910 code [0x000001ef80b0fac0, 0x000001ef80b0fd68]
Event: 43.833 Thread 0x000001efa2081c90 15263       3       androidx.compose.compiler.plugins.kotlin.lower.InferenceCallTargetNode::getElement (8 bytes)
Event: 43.833 Thread 0x000001efa2081c90 nmethod 15263 0x000001ef8201b910 code [0x000001ef8201baa0, 0x000001ef8201bbb8]
Event: 43.833 Thread 0x000001efa2081c90 15264       3       androidx.compose.compiler.plugins.kotlin.lower.ComposableTargetAnnotationsTransformer$infer$3::storeLazyScheme (10 bytes)
Event: 43.834 Thread 0x000001efa2081c90 nmethod 15264 0x000001ef8201b310 code [0x000001ef8201b4c0, 0x000001ef8201b7e8]
Event: 43.834 Thread 0x000001efa2081c90 15265       3       androidx.compose.compiler.plugins.kotlin.lower.ComposableTargetAnnotationsTransformer$infer$3::storeLazyScheme (13 bytes)
Event: 43.834 Thread 0x000001efa2081c90 nmethod 15265 0x000001ef8211a690 code [0x000001ef8211a840, 0x000001ef8211aa28]
Event: 43.837 Thread 0x000001efa2081c90 15266       3       androidx.compose.compiler.plugins.kotlin.lower.InferenceFunctionDeclaration::<init> (12 bytes)
Event: 43.837 Thread 0x000001efa2081c90 nmethod 15266 0x000001ef80a3a690 code [0x000001ef80a3a840, 0x000001ef80a3ab38]
Event: 43.837 Thread 0x000001efa2081c90 15268       3       androidx.compose.compiler.plugins.kotlin.inference.LazyScheme::onChange (37 bytes)
Event: 43.838 Thread 0x000001efa2081c90 nmethod 15268 0x000001ef80b4c190 code [0x000001ef80b4c3a0, 0x000001ef80b4ccd8]
Event: 43.838 Thread 0x000001efa2081c90 15270       3       androidx.compose.compiler.plugins.kotlin.lower.ComposableTargetAnnotationsTransformer::visitFunction$recordParameter (61 bytes)
Event: 43.839 Thread 0x000001efa2081c90 nmethod 15270 0x000001ef80e88590 code [0x000001ef80e887c0, 0x000001ef80e89098]
Event: 43.839 Thread 0x000001efa2081c90 15269       3       androidx.compose.compiler.plugins.kotlin.lower.AbstractComposeLowering::metricsFor (113 bytes)
Event: 43.840 Thread 0x000001efa2081c90 nmethod 15269 0x000001ef81006690 code [0x000001ef810068c0, 0x000001ef810071d8]
Event: 43.840 Thread 0x000001efa2081c90 15267       3       androidx.compose.compiler.plugins.kotlin.lower.InferenceCallExpression::<init> (176 bytes)

GC Heap History (20 events):
Event: 23.400 GC heap before
{Heap before GC invocations=17 (full 0):
 garbage-first heap   total 163840K, used 114180K [0x00000006c1400000, 0x0000000800000000)
  region size 4096K, 16 young (65536K), 2 survivors (8192K)
 Metaspace       used 63162K, committed 63488K, reserved 1114112K
  class space    used 7296K, committed 7488K, reserved 1048576K
}
Event: 23.439 GC heap after
{Heap after GC invocations=18 (full 0):
 garbage-first heap   total 163840K, used 64753K [0x00000006c1400000, 0x0000000800000000)
  region size 4096K, 2 young (8192K), 2 survivors (8192K)
 Metaspace       used 63162K, committed 63488K, reserved 1114112K
  class space    used 7296K, committed 7488K, reserved 1048576K
}
Event: 26.848 GC heap before
{Heap before GC invocations=18 (full 0):
 garbage-first heap   total 163840K, used 122097K [0x00000006c1400000, 0x0000000800000000)
  region size 4096K, 16 young (65536K), 2 survivors (8192K)
 Metaspace       used 64546K, committed 64832K, reserved 1114112K
  class space    used 7387K, committed 7552K, reserved 1048576K
}
Event: 26.890 GC heap after
{Heap after GC invocations=19 (full 0):
 garbage-first heap   total 163840K, used 71562K [0x00000006c1400000, 0x0000000800000000)
  region size 4096K, 2 young (8192K), 2 survivors (8192K)
 Metaspace       used 64546K, committed 64832K, reserved 1114112K
  class space    used 7387K, committed 7552K, reserved 1048576K
}
Event: 28.034 GC heap before
{Heap before GC invocations=19 (full 0):
 garbage-first heap   total 163840K, used 124810K [0x00000006c1400000, 0x0000000800000000)
  region size 4096K, 15 young (61440K), 2 survivors (8192K)
 Metaspace       used 64643K, committed 64960K, reserved 1114112K
  class space    used 7401K, committed 7552K, reserved 1048576K
}
Event: 28.058 GC heap after
{Heap after GC invocations=20 (full 0):
 garbage-first heap   total 163840K, used 77779K [0x00000006c1400000, 0x0000000800000000)
  region size 4096K, 2 young (8192K), 2 survivors (8192K)
 Metaspace       used 64643K, committed 64960K, reserved 1114112K
  class space    used 7401K, committed 7552K, reserved 1048576K
}
Event: 28.180 GC heap before
{Heap before GC invocations=20 (full 0):
 garbage-first heap   total 163840K, used 122835K [0x00000006c1400000, 0x0000000800000000)
  region size 4096K, 13 young (53248K), 2 survivors (8192K)
 Metaspace       used 64646K, committed 64960K, reserved 1114112K
  class space    used 7401K, committed 7552K, reserved 1048576K
}
Event: 28.195 GC heap after
{Heap after GC invocations=21 (full 0):
 garbage-first heap   total 196608K, used 84382K [0x00000006c1400000, 0x0000000800000000)
  region size 4096K, 2 young (8192K), 2 survivors (8192K)
 Metaspace       used 64646K, committed 64960K, reserved 1114112K
  class space    used 7401K, committed 7552K, reserved 1048576K
}
Event: 32.722 GC heap before
{Heap before GC invocations=21 (full 0):
 garbage-first heap   total 196608K, used 141726K [0x00000006c1400000, 0x0000000800000000)
  region size 4096K, 17 young (69632K), 2 survivors (8192K)
 Metaspace       used 65327K, committed 65728K, reserved 1114112K
  class space    used 7416K, committed 7616K, reserved 1048576K
}
Event: 32.744 GC heap after
{Heap after GC invocations=22 (full 0):
 garbage-first heap   total 196608K, used 90121K [0x00000006c1400000, 0x0000000800000000)
  region size 4096K, 3 young (12288K), 3 survivors (12288K)
 Metaspace       used 65327K, committed 65728K, reserved 1114112K
  class space    used 7416K, committed 7616K, reserved 1048576K
}
Event: 34.722 GC heap before
{Heap before GC invocations=22 (full 0):
 garbage-first heap   total 196608K, used 151561K [0x00000006c1400000, 0x0000000800000000)
  region size 4096K, 18 young (73728K), 3 survivors (12288K)
 Metaspace       used 65626K, committed 65984K, reserved 1114112K
  class space    used 7419K, committed 7616K, reserved 1048576K
}
Event: 34.750 GC heap after
{Heap after GC invocations=23 (full 0):
 garbage-first heap   total 196608K, used 95550K [0x00000006c1400000, 0x0000000800000000)
  region size 4096K, 3 young (12288K), 3 survivors (12288K)
 Metaspace       used 65626K, committed 65984K, reserved 1114112K
  class space    used 7419K, committed 7616K, reserved 1048576K
}
Event: 35.000 GC heap before
{Heap before GC invocations=23 (full 0):
 garbage-first heap   total 196608K, used 152894K [0x00000006c1400000, 0x0000000800000000)
  region size 4096K, 17 young (69632K), 3 survivors (12288K)
 Metaspace       used 65626K, committed 65984K, reserved 1114112K
  class space    used 7419K, committed 7616K, reserved 1048576K
}
Event: 35.028 GC heap after
{Heap after GC invocations=24 (full 0):
 garbage-first heap   total 196608K, used 102107K [0x00000006c1400000, 0x0000000800000000)
  region size 4096K, 3 young (12288K), 3 survivors (12288K)
 Metaspace       used 65626K, committed 65984K, reserved 1114112K
  class space    used 7419K, committed 7616K, reserved 1048576K
}
Event: 37.543 GC heap before
{Heap before GC invocations=24 (full 0):
 garbage-first heap   total 196608K, used 155355K [0x00000006c1400000, 0x0000000800000000)
  region size 4096K, 16 young (65536K), 3 survivors (12288K)
 Metaspace       used 66395K, committed 66688K, reserved 1114112K
  class space    used 7460K, committed 7616K, reserved 1048576K
}
Event: 37.571 GC heap after
{Heap after GC invocations=25 (full 0):
 garbage-first heap   total 196608K, used 105736K [0x00000006c1400000, 0x0000000800000000)
  region size 4096K, 1 young (4096K), 1 survivors (4096K)
 Metaspace       used 66395K, committed 66688K, reserved 1114112K
  class space    used 7460K, committed 7616K, reserved 1048576K
}
Event: 40.590 GC heap before
{Heap before GC invocations=26 (full 0):
 garbage-first heap   total 196608K, used 158984K [0x00000006c1400000, 0x0000000800000000)
  region size 4096K, 14 young (57344K), 1 survivors (4096K)
 Metaspace       used 74116K, committed 74496K, reserved 1179648K
  class space    used 8256K, committed 8448K, reserved 1048576K
}
Event: 40.620 GC heap after
{Heap after GC invocations=27 (full 0):
 garbage-first heap   total 196608K, used 110592K [0x00000006c1400000, 0x0000000800000000)
  region size 4096K, 2 young (8192K), 2 survivors (8192K)
 Metaspace       used 74116K, committed 74496K, reserved 1179648K
  class space    used 8256K, committed 8448K, reserved 1048576K
}
Event: 42.852 GC heap before
{Heap before GC invocations=27 (full 0):
 garbage-first heap   total 196608K, used 159744K [0x00000006c1400000, 0x0000000800000000)
  region size 4096K, 14 young (57344K), 2 survivors (8192K)
 Metaspace       used 75706K, committed 76096K, reserved 1179648K
  class space    used 8391K, committed 8576K, reserved 1048576K
}
Event: 42.896 GC heap after
{Heap after GC invocations=28 (full 0):
 garbage-first heap   total 319488K, used 120356K [0x00000006c1400000, 0x0000000800000000)
  region size 4096K, 2 young (8192K), 2 survivors (8192K)
 Metaspace       used 75706K, committed 76096K, reserved 1179648K
  class space    used 8391K, committed 8576K, reserved 1048576K
}

Dll operation events (2 events):
Event: 0.030 Loaded shared library C:\Program Files\Android\Android Studio\jbr\bin\java.dll
Event: 4.126 Loaded shared library C:\Program Files\Android\Android Studio\jbr\bin\verify.dll

Deoptimization events (20 events):
Event: 42.707 Thread 0x000001effca6a990 Uncommon trap: trap_request=0xffffffde fr.pc=0x000001ef87f75984 relative=0x00000000000008c4
Event: 42.707 Thread 0x000001effca6a990 Uncommon trap: reason=class_check action=maybe_recompile pc=0x000001ef87f75984 method=org.jetbrains.kotlin.types.TypeWithEnhancementKt.inheritEnhancement(Lorg/jetbrains/kotlin/types/UnwrappedType;Lorg/jetbrains/kotlin/types/KotlinType;Lkotlin/jvm/function
Event: 42.707 Thread 0x000001effca6a990 DEOPT PACKING pc=0x000001ef87f75984 sp=0x000000d1f4cfbf90
Event: 42.707 Thread 0x000001effca6a990 DEOPT UNPACKING pc=0x000001ef875869a3 sp=0x000000d1f4cfbed8 mode 2
Event: 42.952 Thread 0x000001effca6a990 Uncommon trap: trap_request=0xffffffbe fr.pc=0x000001ef8829d964 relative=0x00000000000001c4
Event: 42.952 Thread 0x000001effca6a990 Uncommon trap: reason=profile_predicate action=maybe_recompile pc=0x000001ef8829d964 method=java.util.LinkedHashMap.keysToArray([Ljava/lang/Object;)[Ljava/lang/Object; @ 12 c2
Event: 42.953 Thread 0x000001effca6a990 DEOPT PACKING pc=0x000001ef8829d964 sp=0x000000d1f4cf9a90
Event: 42.953 Thread 0x000001effca6a990 DEOPT UNPACKING pc=0x000001ef875869a3 sp=0x000000d1f4cf9a58 mode 2
Event: 43.059 Thread 0x000001effca6a990 Uncommon trap: trap_request=0xffffff45 fr.pc=0x000001ef87f7450c relative=0x000000000000058c
Event: 43.059 Thread 0x000001effca6a990 Uncommon trap: reason=unstable_if action=reinterpret pc=0x000001ef87f7450c method=java.lang.String.regionMatches(ILjava/lang/String;II)Z @ 32 c2
Event: 43.059 Thread 0x000001effca6a990 DEOPT PACKING pc=0x000001ef87f7450c sp=0x000000d1f4cfb1f0
Event: 43.059 Thread 0x000001effca6a990 DEOPT UNPACKING pc=0x000001ef875869a3 sp=0x000000d1f4cfafb8 mode 2
Event: 43.059 Thread 0x000001effca6a990 Uncommon trap: trap_request=0xffffff45 fr.pc=0x000001ef87fc07d8 relative=0x0000000000000398
Event: 43.059 Thread 0x000001effca6a990 Uncommon trap: reason=unstable_if action=reinterpret pc=0x000001ef87fc07d8 method=java.lang.String.regionMatches(ILjava/lang/String;II)Z @ 32 c2
Event: 43.059 Thread 0x000001effca6a990 DEOPT PACKING pc=0x000001ef87fc07d8 sp=0x000000d1f4cfafb0
Event: 43.059 Thread 0x000001effca6a990 DEOPT UNPACKING pc=0x000001ef875869a3 sp=0x000000d1f4cfadd8 mode 2
Event: 43.060 Thread 0x000001effca6a990 Uncommon trap: trap_request=0xffffffc6 fr.pc=0x000001ef88200a1c relative=0x00000000000005bc
Event: 43.060 Thread 0x000001effca6a990 Uncommon trap: reason=bimorphic_or_optimized_type_check action=maybe_recompile pc=0x000001ef88200a1c method=org.jetbrains.kotlin.descriptors.impl.FunctionDescriptorImpl.isOperator()Z @ 44 c2
Event: 43.060 Thread 0x000001effca6a990 DEOPT PACKING pc=0x000001ef88200a1c sp=0x000000d1f4cfbaf0
Event: 43.060 Thread 0x000001effca6a990 DEOPT UNPACKING pc=0x000001ef875869a3 sp=0x000000d1f4cfba78 mode 2

Classes unloaded (0 events):
No events

Classes redefined (0 events):
No events

Internal exceptions (20 events):
Event: 18.623 Thread 0x000001effca6a990 Implicit null exception at 0x000001ef87bee020 to 0x000001ef87bee118
Event: 18.623 Thread 0x000001effca6a990 Implicit null exception at 0x000001ef87b36ae0 to 0x000001ef87b36b7a
Event: 19.110 Thread 0x000001effca6a990 Exception <a 'java/lang/NoSuchMethodError'{0x00000006c7c93bd0}: 'java.lang.Object java.lang.invoke.DirectMethodHandle$Holder.invokeInterface(java.lang.Object, java.lang.Object, java.lang.Object)'> (0x00000006c7c93bd0) 
thrown [s\src\hotspot\share\interpreter\linkResolver.cpp, line 771]
Event: 19.111 Thread 0x000001effca6a990 Exception <a 'java/lang/IncompatibleClassChangeError'{0x00000006c7c97540}: Found class java.lang.Object, but interface was expected> (0x00000006c7c97540) 
thrown [s\src\hotspot\share\interpreter\linkResolver.cpp, line 838]
Event: 21.065 Thread 0x000001effca6a990 Exception <a 'java/lang/NoSuchMethodError'{0x00000006ca8e7ac0}: 'java.lang.Object java.lang.invoke.DirectMethodHandle$Holder.newInvokeSpecial(java.lang.Object, java.lang.Object, java.lang.Object, java.lang.Object, java.lang.Object, java.lang.Object, java.lang.Object)'> (0x00000006ca8e7ac0) 
thrown [s\src\hotspot\share\interpreter\linkResolver.cpp, line 771]
Event: 21.066 Thread 0x000001effca6a990 Exception <a 'java/lang/NoSuchMethodError'{0x00000006ca8ed118}: 'java.lang.Object java.lang.invoke.Invokers$Holder.linkToTargetMethod(java.lang.Object, java.lang.Object, java.lang.Object, java.lang.Object, java.lang.Object, java.lang.Object, java.lang.Object)'> (0x00000006ca8ed118) 
thrown [s\src\hotspot\share\interpreter\linkResolver.cpp, line 771]
Event: 21.274 Thread 0x000001effca6a990 Exception <a 'java/lang/NoSuchMethodError'{0x00000006ca5411d8}: 'java.lang.Object java.lang.invoke.DirectMethodHandle$Holder.invokeStatic(java.lang.Object, int, java.lang.Object, java.lang.Object)'> (0x00000006ca5411d8) 
thrown [s\src\hotspot\share\interpreter\linkResolver.cpp, line 771]
Event: 21.276 Thread 0x000001effca6a990 Exception <a 'java/lang/NoSuchMethodError'{0x00000006ca5496d8}: 'java.lang.Object java.lang.invoke.DirectMethodHandle$Holder.newInvokeSpecial(java.lang.Object, int, java.lang.Object)'> (0x00000006ca5496d8) 
thrown [s\src\hotspot\share\interpreter\linkResolver.cpp, line 771]
Event: 21.278 Thread 0x000001effca6a990 Exception <a 'java/lang/NoSuchMethodError'{0x00000006ca550008}: 'int java.lang.invoke.DirectMethodHandle$Holder.invokeInterface(java.lang.Object, java.lang.Object)'> (0x00000006ca550008) 
thrown [s\src\hotspot\share\interpreter\linkResolver.cpp, line 771]
Event: 23.646 Thread 0x000001effca6a990 Implicit null exception at 0x000001ef87bd2e40 to 0x000001ef87bd2ed1
Event: 26.723 Thread 0x000001effca6a990 Implicit null exception at 0x000001ef87c37528 to 0x000001ef87c38ce0
Event: 36.503 Thread 0x000001effca6a990 Implicit null exception at 0x000001ef880e1960 to 0x000001ef880e1f5c
Event: 38.171 Thread 0x000001effca6a990 Exception <a 'java/lang/NoSuchMethodError'{0x00000006d4218ab0}: 'java.lang.Object java.lang.invoke.DirectMethodHandle$Holder.invokeStaticInit(java.lang.Object, java.lang.Object, java.lang.Object, java.lang.Object)'> (0x00000006d4218ab0) 
thrown [s\src\hotspot\share\interpreter\linkResolver.cpp, line 771]
Event: 38.549 Thread 0x000001effca6a990 Exception <a 'java/lang/NoSuchMethodError'{0x00000006cc31f3c8}: 'java.lang.Object java.lang.invoke.DirectMethodHandle$Holder.newInvokeSpecial(java.lang.Object, java.lang.Object, java.lang.Object, int, int)'> (0x00000006cc31f3c8) 
thrown [s\src\hotspot\share\interpreter\linkResolver.cpp, line 771]
Event: 38.550 Thread 0x000001effca6a990 Exception <a 'java/lang/NoSuchMethodError'{0x00000006cc3234f8}: 'java.lang.Object java.lang.invoke.DirectMethodHandle$Holder.invokeSpecial(java.lang.Object, java.lang.Object, java.lang.Object, java.lang.Object, int, int)'> (0x00000006cc3234f8) 
thrown [s\src\hotspot\share\interpreter\linkResolver.cpp, line 771]
Event: 38.688 Thread 0x000001effca6a990 Exception <a 'java/lang/NoSuchMethodError'{0x00000006cbe987a8}: 'java.lang.Object java.lang.invoke.DirectMethodHandle$Holder.invokeSpecial(java.lang.Object, java.lang.Object, int, int, java.lang.Object, java.lang.Object, java.lang.Object, java.lang.Object, java.lang.Object)'> (0x00000006cbe987a8) 
thrown [s\src\hotspot\share\interpreter\linkResolver.cpp, line 771]
Event: 38.693 Thread 0x000001effca6a990 Exception <a 'java/lang/NoSuchMethodError'{0x00000006cbeaf218}: 'java.lang.Object java.lang.invoke.DirectMethodHandle$Holder.invokeStatic(java.lang.Object, int, java.lang.Object)'> (0x00000006cbeaf218) 
thrown [s\src\hotspot\share\interpreter\linkResolver.cpp, line 771]
Event: 38.717 Thread 0x000001effca6a990 Exception <a 'java/lang/NoSuchMethodError'{0x00000006cbefe3b0}: 'java.lang.Object java.lang.invoke.DirectMethodHandle$Holder.newInvokeSpecial(java.lang.Object, java.lang.Object, int, int, java.lang.Object, java.lang.Object, java.lang.Object)'> (0x00000006cbefe3b0) 
thrown [s\src\hotspot\share\interpreter\linkResolver.cpp, line 771]
Event: 38.718 Thread 0x000001effca6a990 Exception <a 'java/lang/NoSuchMethodError'{0x00000006cbf02c58}: 'java.lang.Object java.lang.invoke.DirectMethodHandle$Holder.invokeSpecial(java.lang.Object, java.lang.Object, java.lang.Object, int, int, java.lang.Object, java.lang.Object, java.lang.Object)'> (0x00000006cbf02c58) 
thrown [s\src\hotspot\share\interpreter\linkResolver.cpp, line 771]
Event: 38.735 Thread 0x000001effca6a990 Implicit null exception at 0x000001ef87b3dd20 to 0x000001ef87b3e014

VM Operations (20 events):
Event: 42.209 Executing VM operation: HandshakeAllThreads
Event: 42.209 Executing VM operation: HandshakeAllThreads done
Event: 42.212 Executing VM operation: HandshakeAllThreads
Event: 42.212 Executing VM operation: HandshakeAllThreads done
Event: 42.418 Executing VM operation: ICBufferFull
Event: 42.419 Executing VM operation: ICBufferFull done
Event: 42.589 Executing VM operation: HandshakeAllThreads
Event: 42.589 Executing VM operation: HandshakeAllThreads done
Event: 42.664 Executing VM operation: HandshakeAllThreads
Event: 42.664 Executing VM operation: HandshakeAllThreads done
Event: 42.705 Executing VM operation: ICBufferFull
Event: 42.706 Executing VM operation: ICBufferFull done
Event: 42.820 Executing VM operation: HandshakeAllThreads
Event: 42.820 Executing VM operation: HandshakeAllThreads done
Event: 42.851 Executing VM operation: G1CollectForAllocation
Event: 42.897 Executing VM operation: G1CollectForAllocation done
Event: 43.224 Executing VM operation: G1PauseRemark
Event: 43.352 Executing VM operation: G1PauseRemark done
Event: 43.543 Executing VM operation: G1PauseCleanup
Event: 43.543 Executing VM operation: G1PauseCleanup done

Events (20 events):
Event: 42.914 Thread 0x000001efa20845b0 flushing nmethod 0x000001ef8203f110
Event: 42.914 Thread 0x000001efa20845b0 flushing nmethod 0x000001ef82040590
Event: 42.914 Thread 0x000001efa20845b0 flushing nmethod 0x000001ef82047710
Event: 42.914 Thread 0x000001efa20845b0 flushing nmethod 0x000001ef82049610
Event: 42.914 Thread 0x000001efa20845b0 flushing nmethod 0x000001ef82049e10
Event: 42.914 Thread 0x000001efa20845b0 flushing nmethod 0x000001ef8206ad90
Event: 42.914 Thread 0x000001efa20845b0 flushing nmethod 0x000001ef8206b390
Event: 42.914 Thread 0x000001efa20845b0 flushing nmethod 0x000001ef8206b810
Event: 42.914 Thread 0x000001efa20845b0 flushing nmethod 0x000001ef8208db10
Event: 42.915 Thread 0x000001efa20845b0 flushing nmethod 0x000001ef8209f290
Event: 42.915 Thread 0x000001efa20845b0 flushing nmethod 0x000001ef8210e390
Event: 42.915 Thread 0x000001efa20845b0 flushing nmethod 0x000001ef82110810
Event: 42.915 Thread 0x000001efa20845b0 flushing nmethod 0x000001ef8211a190
Event: 42.916 Thread 0x000001efa20845b0 flushing nmethod 0x000001ef82185710
Event: 42.916 Thread 0x000001efa20845b0 flushing nmethod 0x000001ef821ffd10
Event: 42.917 Thread 0x000001efa20845b0 flushing nmethod 0x000001ef8227fd10
Event: 42.917 Thread 0x000001efa20845b0 flushing nmethod 0x000001ef8228b310
Event: 42.917 Thread 0x000001efa20845b0 flushing nmethod 0x000001ef822bbd90
Event: 42.917 Thread 0x000001efa20845b0 flushing nmethod 0x000001ef822c8190
Event: 43.340 Thread 0x000001efa6112c30 Thread exited: 0x000001efa6112c30


Dynamic libraries:
0x00007ff7c7550000 - 0x00007ff7c755a000 	C:\Program Files\Android\Android Studio\jbr\bin\java.exe
0x00007ff92f650000 - 0x00007ff92f867000 	C:\Windows\SYSTEM32\ntdll.dll
0x00007ff92d380000 - 0x00007ff92d444000 	C:\Windows\System32\KERNEL32.DLL
0x00007ff92ccb0000 - 0x00007ff92d05d000 	C:\Windows\System32\KERNELBASE.dll
0x00007ff92d090000 - 0x00007ff92d1a1000 	C:\Windows\System32\ucrtbase.dll
0x00007ff91a5d0000 - 0x00007ff91a5e7000 	C:\Program Files\Android\Android Studio\jbr\bin\jli.dll
0x00007ff91bb30000 - 0x00007ff91bb4b000 	C:\Program Files\Android\Android Studio\jbr\bin\VCRUNTIME140.dll
0x00007ff92f200000 - 0x00007ff92f3ae000 	C:\Windows\System32\USER32.dll
0x00007ff92d060000 - 0x00007ff92d086000 	C:\Windows\System32\win32u.dll
0x00007ff919240000 - 0x00007ff9194d3000 	C:\Windows\WinSxS\amd64_microsoft.windows.common-controls_6595b64144ccf1df_6.0.22621.3672_none_2713b9d173822955\COMCTL32.dll
0x00007ff92eee0000 - 0x00007ff92ef87000 	C:\Windows\System32\msvcrt.dll
0x00007ff92ef90000 - 0x00007ff92efb9000 	C:\Windows\System32\GDI32.dll
0x00007ff92d260000 - 0x00007ff92d379000 	C:\Windows\System32\gdi32full.dll
0x00007ff92cb50000 - 0x00007ff92cbea000 	C:\Windows\System32\msvcp_win.dll
0x00007ff92da90000 - 0x00007ff92dac1000 	C:\Windows\System32\IMM32.DLL
0x00007ff929210000 - 0x00007ff92921c000 	C:\Program Files\Android\Android Studio\jbr\bin\vcruntime140_1.dll
0x00007ff8ed280000 - 0x00007ff8ed30d000 	C:\Program Files\Android\Android Studio\jbr\bin\msvcp140.dll
0x00007ff8989a0000 - 0x00007ff899623000 	C:\Program Files\Android\Android Studio\jbr\bin\server\jvm.dll
0x00007ff92d4e0000 - 0x00007ff92d592000 	C:\Windows\System32\ADVAPI32.dll
0x00007ff92ee30000 - 0x00007ff92eed9000 	C:\Windows\System32\sechost.dll
0x00007ff92d230000 - 0x00007ff92d258000 	C:\Windows\System32\bcrypt.dll
0x00007ff92e6e0000 - 0x00007ff92e7f4000 	C:\Windows\System32\RPCRT4.dll
0x00007ff92bb50000 - 0x00007ff92bb9d000 	C:\Windows\SYSTEM32\POWRPROF.dll
0x00007ff8f7840000 - 0x00007ff8f7849000 	C:\Windows\SYSTEM32\WSOCK32.dll
0x00007ff92d930000 - 0x00007ff92d9a1000 	C:\Windows\System32\WS2_32.dll
0x00007ff925fd0000 - 0x00007ff926004000 	C:\Windows\SYSTEM32\WINMM.dll
0x00007ff927ac0000 - 0x00007ff927aca000 	C:\Windows\SYSTEM32\VERSION.dll
0x00007ff92bb30000 - 0x00007ff92bb43000 	C:\Windows\SYSTEM32\UMPDC.dll
0x00007ff92b960000 - 0x00007ff92b978000 	C:\Windows\SYSTEM32\kernel.appcore.dll
0x00007ff9291a0000 - 0x00007ff9291aa000 	C:\Program Files\Android\Android Studio\jbr\bin\jimage.dll
0x00007ff907d60000 - 0x00007ff907f92000 	C:\Windows\SYSTEM32\DBGHELP.DLL
0x00007ff92d5a0000 - 0x00007ff92d92d000 	C:\Windows\System32\combase.dll
0x00007ff92db30000 - 0x00007ff92dc07000 	C:\Windows\System32\OLEAUT32.dll
0x00007ff907bd0000 - 0x00007ff907c02000 	C:\Windows\SYSTEM32\dbgcore.DLL
0x00007ff92d1b0000 - 0x00007ff92d22b000 	C:\Windows\System32\bcryptPrimitives.dll
0x00007ff91bb80000 - 0x00007ff91bba5000 	C:\Program Files\Android\Android Studio\jbr\bin\java.dll
0x00007ff929180000 - 0x00007ff929198000 	C:\Program Files\Android\Android Studio\jbr\bin\zip.dll
0x00007ff92de70000 - 0x00007ff92e6d8000 	C:\Windows\System32\SHELL32.dll
0x00007ff92a870000 - 0x00007ff92b16e000 	C:\Windows\SYSTEM32\windows.storage.dll
0x00007ff92a730000 - 0x00007ff92a86f000 	C:\Windows\SYSTEM32\wintypes.dll
0x00007ff92f100000 - 0x00007ff92f1f9000 	C:\Windows\System32\SHCORE.dll
0x00007ff92d450000 - 0x00007ff92d4ae000 	C:\Windows\System32\shlwapi.dll
0x00007ff92c8a0000 - 0x00007ff92c8c1000 	C:\Windows\SYSTEM32\profapi.dll
0x00007ff91bb10000 - 0x00007ff91bb29000 	C:\Program Files\Android\Android Studio\jbr\bin\net.dll
0x00007ff927030000 - 0x00007ff927166000 	C:\Windows\SYSTEM32\WINHTTP.dll
0x00007ff92beb0000 - 0x00007ff92bf19000 	C:\Windows\system32\mswsock.dll
0x00007ff91ba50000 - 0x00007ff91ba66000 	C:\Program Files\Android\Android Studio\jbr\bin\nio.dll
0x00007ff91a600000 - 0x00007ff91a610000 	C:\Program Files\Android\Android Studio\jbr\bin\verify.dll

dbghelp: loaded successfully - version: 4.0.5 - missing functions: none
symbol engine: initialized successfully - sym options: 0x614 - pdb path: .;C:\Program Files\Android\Android Studio\jbr\bin;C:\Windows\SYSTEM32;C:\Windows\WinSxS\amd64_microsoft.windows.common-controls_6595b64144ccf1df_6.0.22621.3672_none_2713b9d173822955;C:\Program Files\Android\Android Studio\jbr\bin\server

VM Arguments:
java_command: org.jetbrains.kotlin.cli.jvm.K2JVMCompiler @C:\Users\jvfer\AndroidStudioProjects\PTravel\app\build\20240902_6192876628439765228.compiler.options
java_class_path (initial): C:\Users\jvfer\.gradle\caches\modules-2\files-2.1\org.jetbrains.kotlin\kotlin-compiler-embeddable\1.9.0\2c8c3a7402becca891f12739b3e9fd2dc2adbd7a\kotlin-compiler-embeddable-1.9.0.jar;C:\Users\jvfer\.gradle\caches\modules-2\files-2.1\org.jetbrains.kotlin\kotlin-stdlib\1.9.0\8ee15ef0c67dc83d874f412d84378d7f0eb50b63\kotlin-stdlib-1.9.0.jar;C:\Users\jvfer\.gradle\caches\modules-2\files-2.1\org.jetbrains.kotlin\kotlin-script-runtime\1.9.0\4b3102cbbb7e1b58d9d1adf89563f00069ffa7d1\kotlin-script-runtime-1.9.0.jar;C:\Users\jvfer\.gradle\caches\modules-2\files-2.1\org.jetbrains.kotlin\kotlin-reflect\1.6.10\1cbe9c92c12a94eea200d23c2bbaedaf3daf5132\kotlin-reflect-1.6.10.jar;C:\Users\jvfer\.gradle\caches\modules-2\files-2.1\org.jetbrains.kotlin\kotlin-daemon-embeddable\1.9.0\186543f5e28cf8d9a0290fecc2cf34301c40a65c\kotlin-daemon-embeddable-1.9.0.jar;C:\Users\jvfer\.gradle\caches\modules-2\files-2.1\org.jetbrains.intellij.deps\trove4j\1.0.20200330\3afb14d5f9ceb459d724e907a21145e8ff394f02\trove4j-1.0.20200330.jar;C:\Users\jvfer\.gradle\caches\modules-2\files-2.1\org.jetbrains.kotlin\kotlin-stdlib-common\1.9.0\cd65c21cfd1eec4d44ef09f9f52b6d9f8a720636\kotlin-stdlib-common-1.9.0.jar;C:\Users\jvfer\.gradle\caches\modules-2\files-2.1\org.jetbrains\annotations\13.0\919f0dfe192fb4e063e7dacadee7f8bb9a2672a9\annotations-13.0.jar
Launcher Type: SUN_STANDARD

[Global flags]
     intx CICompilerCount                          = 4                                         {product} {ergonomic}
     uint ConcGCThreads                            = 2                                         {product} {ergonomic}
     uint G1ConcRefinementThreads                  = 8                                         {product} {ergonomic}
   size_t G1HeapRegionSize                         = 4194304                                   {product} {ergonomic}
    uintx GCDrainStackTargetSize                   = 64                                        {product} {ergonomic}
   size_t InitialHeapSize                          = 335544320                                 {product} {ergonomic}
   size_t MarkStackSize                            = 4194304                                   {product} {ergonomic}
   size_t MaxHeapSize                              = 5347737600                                {product} {ergonomic}
   size_t MaxNewSize                               = 3208642560                                {product} {ergonomic}
   size_t MinHeapDeltaBytes                        = 4194304                                   {product} {ergonomic}
   size_t MinHeapSize                              = 8388608                                   {product} {ergonomic}
    uintx NonNMethodCodeHeapSize                   = 5839372                                {pd product} {ergonomic}
    uintx NonProfiledCodeHeapSize                  = 122909434                              {pd product} {ergonomic}
    uintx ProfiledCodeHeapSize                     = 122909434                              {pd product} {ergonomic}
    uintx ReservedCodeCacheSize                    = 251658240                              {pd product} {ergonomic}
     bool SegmentedCodeCache                       = true                                      {product} {ergonomic}
   size_t SoftMaxHeapSize                          = 5347737600                             {manageable} {ergonomic}
     bool UseCompressedClassPointers               = true                           {product lp64_product} {ergonomic}
     bool UseCompressedOops                        = true                           {product lp64_product} {ergonomic}
     bool UseG1GC                                  = true                                      {product} {ergonomic}
     bool UseLargePagesIndividualAllocation        = false                                  {pd product} {ergonomic}

Logging:
Log output configuration:
 #0: stdout all=warning uptime,level,tags
 #1: stderr all=off uptime,level,tags

Environment Variables:
PATH=C:\Program Files (x86)\NVIDIA Corporation\PhysX\Common;C:\Program Files\Common Files\Oracle\Java\javapath;C:\Windows\system32;C:\Windows;C:\Windows\System32\Wbem;C:\Windows\System32\WindowsPowerShell\v1.0\;C:\Windows\System32\OpenSSH\;C:\Program Files\Git\cmd;C:\Program Files\nodejs\;C:\Users\jvfer\AppData\Local\Programs\Python\Python312\Scripts\;C:\Users\jvfer\AppData\Local\Programs\Python\Python312\;C:\Users\jvfer\AppData\Local\Microsoft\WindowsApps;C:\Users\jvfer\AppData\Local\Programs\Microsoft VS Code\bin;C:\Users\jvfer\AppData\Roaming\npm;C:\Program Files\JetBrains\PyCharm 2024.1.4\bin;;C:\Program Files\JetBrains\IntelliJ IDEA 2024.1.4\bin;;C:\Users\jvfer\AppData\Local\GitHubDesktop\bin
USERNAME=jvfer
OS=Windows_NT
PROCESSOR_IDENTIFIER=Intel64 Family 6 Model 142 Stepping 10, GenuineIntel
TMP=C:\Users\jvfer\AppData\Local\Temp
TEMP=C:\Users\jvfer\AppData\Local\Temp



Periodic native trim disabled

JNI global refs:
JNI global refs: 11, weak refs: 7

JNI global refs memory usage: 843, weak refs: 841

Process memory usage:
Resident Set Size: 431940K (2% of 20878564K total physical memory with 605480K free physical memory)

OOME stack traces (most recent first):
Classloader memory used:
Loader jdk.internal.loader.ClassLoaders$AppClassLoader                                 : 7828K
Loader bootstrap                                                                       : 1409K
Loader java.net.URLClassLoader                                                         : 251K
Loader jdk.internal.reflect.DelegatingClassLoader                                      : 21877B


---------------  S Y S T E M  ---------------

OS:
 Windows 11 , 64 bit Build 22621 (10.0.22621.3958)
OS uptime: 1 days 14:49 hours
Hyper-V role detected

CPU: total 8 (initial active 8) (4 cores per cpu, 2 threads per core) family 6 model 142 stepping 10 microcode 0xe0, cx8, cmov, fxsr, ht, mmx, 3dnowpref, sse, sse2, sse3, ssse3, sse4.1, sse4.2, popcnt, lzcnt, tsc, tscinvbit, avx, avx2, aes, erms, clmul, bmi1, bmi2, adx, fma, vzeroupper, clflush, clflushopt, hv
Processor Information for all 8 processors :
  Max Mhz: 1800, Current Mhz: 1600, Mhz Limit: 1584

Memory: 4k page, system-wide physical 20389M (592M free)
TotalPageFile size 50763M (AvailPageFile size 9M)
current process WorkingSet (physical memory assigned to process): 422M, peak: 426M
current process commit charge ("private bytes"): 577M, peak: 588M

vm_info: OpenJDK 64-Bit Server VM (17.0.11+0--11852314) for windows-amd64 JRE (17.0.11+0--11852314), built on May 16 2024 21:29:20 by "androidbuild" with MS VC++ 16.10 / 16.11 (VS2019)

END.
